2015-07-22 04:26:49 [127.0.0.1][-][-][error][yii\db\Exception] exception 'PDOException' with message 'SQLSTATE[42S02]: Base table or view not found: 1146 Table 'writesdown.wd_option' doesn't exist' in C:\xampp\htdocs\writedown\vendor\yiisoft\yii2\db\Command.php:835
Stack trace:
#0 C:\xampp\htdocs\writedown\vendor\yiisoft\yii2\db\Command.php(835): PDOStatement->execute()
#1 C:\xampp\htdocs\writedown\vendor\yiisoft\yii2\db\Command.php(371): yii\db\Command->queryInternal('<span class="st...', '<span class="ke...')
#2 C:\xampp\htdocs\writedown\vendor\yiisoft\yii2\db\Query.php(243): yii\db\Command->queryOne()
#3 C:\xampp\htdocs\writedown\vendor\yiisoft\yii2\db\ActiveQuery.php(300): yii\db\Query->one('<span class="ke...')
#4 C:\xampp\htdocs\writedown\common\models\Option.php(80): yii\db\ActiveQuery->one()
#5 C:\xampp\htdocs\writedown\frontend\web\index.php(22): common\models\Option::get('<span class="st...')
#6 {main}

Next exception 'yii\db\Exception' with message 'SQLSTATE[42S02]: Base table or view not found: 1146 Table 'writesdown.wd_option' doesn't exist
The SQL being executed was: SELECT * FROM `wd_option` WHERE `option_name`='time_zone'' in C:\xampp\htdocs\writedown\vendor\yiisoft\yii2\db\Schema.php:615
Stack trace:
#0 C:\xampp\htdocs\writedown\vendor\yiisoft\yii2\db\Command.php(850): yii\db\Schema->convertException(Object(PDOException), 'SELECT * FROM `...')
#1 C:\xampp\htdocs\writedown\vendor\yiisoft\yii2\db\Command.php(371): yii\db\Command->queryInternal('<span class="st...', '<span class="ke...')
#2 C:\xampp\htdocs\writedown\vendor\yiisoft\yii2\db\Query.php(243): yii\db\Command->queryOne()
#3 C:\xampp\htdocs\writedown\vendor\yiisoft\yii2\db\ActiveQuery.php(300): yii\db\Query->one('<span class="ke...')
#4 C:\xampp\htdocs\writedown\common\models\Option.php(80): yii\db\ActiveQuery->one()
#5 C:\xampp\htdocs\writedown\frontend\web\index.php(22): common\models\Option::get('<span class="st...')
#6 {main}
Additional Information:
Array
(
    [0] => 42S02
    [1] => 1146
    [2] => Table 'writesdown.wd_option' doesn't exist
)

2015-07-22 04:26:48 [127.0.0.1][-][-][info][application] $_SERVER = [
    'MIBDIRS' => 'C:/xampp/php/extras/mibs'
    'MYSQL_HOME' => '\\xampp\\mysql\\bin'
    'OPENSSL_CONF' => 'C:/xampp/apache/bin/openssl.cnf'
    'PHP_PEAR_SYSCONF_DIR' => '\\xampp\\php'
    'PHPRC' => '\\xampp\\php'
    'TMP' => '\\xampp\\tmp'
    'ENV_DEVELOPMENT' => 'dev'
    'HTTP_HOST' => 'dev.writedown.com'
    'HTTP_CONNECTION' => 'keep-alive'
    'HTTP_ACCEPT' => 'text/html,application/xhtml+xml,application/xml;q=0.9,image/webp,*/*;q=0.8'
    'HTTP_USER_AGENT' => 'Mozilla/5.0 (Windows NT 6.1; WOW64) AppleWebKit/537.36 (KHTML, like Gecko) Chrome/43.0.2357.134 Safari/537.36'
    'HTTP_REFERER' => 'http://dev.writedown.com/frontend/'
    'HTTP_ACCEPT_ENCODING' => 'gzip, deflate'
    'HTTP_ACCEPT_LANGUAGE' => 'vi,en-US;q=0.8,en;q=0.6,ko;q=0.4'
    'PATH' => 'C:\\Windows\\system32;C:\\Windows;C:\\Windows\\System32\\Wbem;C:\\Windows\\System32\\WindowsPowerShell\\v1.0\\;C:\\Program Files (x86)\\Git\\cmd;C:\\Windows\\System32;C:\\xampp\\php;C:\\xampp\\mysql\\bin;C:\\ProgramData\\ComposerSetup\\bin;C:\\PHPloy;C:\\ansicon\\x64;C:\\Program Files\\nodejs\\;C:\\Program Files\\TortoiseSVN\\bin;C:\\Program Files (x86)\\Heroku\\bin;C:\\Program Files (x86)\\git\\cmd;C:\\cygwin64\\bin;C:\\Program Files (x86)\\Skype\\Phone\\;%JAVA_HOME%\\bin;C:\\Users\\Administrator\\AppData\\Roaming\\Composer\\vendor\\drush\\drush;C:\\Users\\Administrator\\AppData\\Roaming\\Composer\\vendor\\bin;C:\\Users\\Administrator\\AppData\\Local\\Android\\sdk\\platform-tools;C:\\Program Files (x86)\\Deployd\\bin;C:\\Ruby22-x64\\bin;C:\\mongodb\\bin;C:\\siege-windows;C:\\Users\\Administrator\\AppData\\Roaming\\Composer\\vendor\\codeception\\codeception;C:\\TDM-GCC-64\\bin;C:\\Windows\\system32\\config\\systemprofile\\.dnx\\bin;C:\\Program Files\\Microsoft DNX\\Dnvm\\;C:\\Program Files (x86)\\Windows Kits\\8.1\\Windows Performance Toolkit\\;C:\\Program Files\\Microsoft SQL Server\\120\\Tools\\Binn\\;C:\\Program Files (x86)\\Java\\jdk1.7.0\\bin;C:\\Program Files\\OpenVPN\\bin;C:\\Users\\Administrator\\AppData\\Roaming\\npm'
    'SystemRoot' => 'C:\\Windows'
    'COMSPEC' => 'C:\\Windows\\system32\\cmd.exe'
    'PATHEXT' => '.COM;.EXE;.BAT;.CMD;.VBS;.VBE;.JS;.JSE;.WSF;.WSH;.MSC'
    'WINDIR' => 'C:\\Windows'
    'SERVER_SIGNATURE' => '<address>Apache/2.4.9 (Win32) OpenSSL/1.0.1g PHP/5.5.11 Server at dev.writedown.com Port 80</address>
'
    'SERVER_SOFTWARE' => 'Apache/2.4.9 (Win32) OpenSSL/1.0.1g PHP/5.5.11'
    'SERVER_NAME' => 'dev.writedown.com'
    'SERVER_ADDR' => '127.0.0.1'
    'SERVER_PORT' => '80'
    'REMOTE_ADDR' => '127.0.0.1'
    'DOCUMENT_ROOT' => 'C:/xampp/htdocs/writedown'
    'REQUEST_SCHEME' => 'http'
    'CONTEXT_PREFIX' => ''
    'CONTEXT_DOCUMENT_ROOT' => 'C:/xampp/htdocs/writedown'
    'SERVER_ADMIN' => 'postmaster@localhost'
    'SCRIPT_FILENAME' => 'C:/xampp/htdocs/writedown/frontend/web/index.php'
    'REMOTE_PORT' => '52630'
    'GATEWAY_INTERFACE' => 'CGI/1.1'
    'SERVER_PROTOCOL' => 'HTTP/1.1'
    'REQUEST_METHOD' => 'GET'
    'QUERY_STRING' => ''
    'REQUEST_URI' => '/frontend/web/'
    'SCRIPT_NAME' => '/frontend/web/index.php'
    'PHP_SELF' => '/frontend/web/index.php'
    'REQUEST_TIME_FLOAT' => 1437532008.121
    'REQUEST_TIME' => 1437532008
]
